<?xml version="1.0" encoding="UTF-8"?>
<testsuites name="TS01-CuraKatalon" time="26" tests="3" failures="0" errors="0">
   <testsuite name="TS01-CuraKatalon" tests="3" failures="0" errors="0" time="26" timestamp="2018-12-18 20:17:39" hostname="Aluno - LENOVO09.supera.com.br" id="Test Suites/TS01-CuraKatalon">
      <properties>
         <property name="deviceName" value=""/>
         <property name="devicePlatform" value=""/>
         <property name="logFolder" value="C:\\Users\\aluno\\Katalon Studio\\18handsonkatalon\\Reports\\TS01-CuraKatalon\\20181218_201727"/>
         <property name="logFiles" value="C:\\Users\\aluno\\Katalon Studio\\18handsonkatalon\\Reports\\TS01-CuraKatalon\\20181218_201727\\execution0.log"/>
         <property name="attachments" value=""/>
         <property name="hostName" value="Aluno - LENOVO09.supera.com.br"/>
         <property name="os" value="Windows 10 64bit"/>
         <property name="katalonVersion" value="5.9.1.2"/>
         <property name="browser" value="Chrome 71.0.3578.98"/>
         <property name="hostAddress" value="169.254.167.84"/>
         <property name="sessionId" value="8f0428d9d4ce5df4edd1ea4573c768c4"/>
         <property name="seleniumVersion" value="3.7.1"/>
         <property name="proxyInformation" value="ProxyInformation{proxyOption=NO_PROXY, proxyServerType=HTTP, password=, proxyServerAddress=, proxyServerPort=0}"/>
         <property name="platform" value="Windows 10"/>
      </properties>
      <testcase name="Test Cases/TC01-Login" classname="Test Cases/TC01-Login" status="PASSED">
         <system-out><![CDATA[2018-12-18 20:17:39 - [TEST_CASE][PASSED] - Test Cases/TC01-Login: Test Cases/TC01-Login

2018-12-18 20:17:39 - [TEST_STEP][PASSED] - openBrowser(""): Browser is opened with url: ''

2018-12-18 20:17:40 - [MESSAGE][INFO] - Starting 'Chrome' driver

2018-12-18 20:17:40 - [MESSAGE][INFO] - Action delay is set to 0 seconds

2018-12-18 20:17:43 - [MESSAGE][PASSED] - Browser is opened with url: ''

2018-12-18 20:17:43 - [TEST_STEP][PASSED] - navigateToUrl("https://katalon-demo-cura.herokuapp.com/"): Navigate to 'https://katalon-demo-cura.herokuapp.com/' successfully

2018-12-18 20:17:45 - [MESSAGE][PASSED] - Navigate to 'https://katalon-demo-cura.herokuapp.com/' successfully

2018-12-18 20:17:45 - [TEST_STEP][PASSED] - click(findTestObject("Object Repository/login/Page_CURA Healthcare Service/a_Make Appointment")): Object: 'Object Repository/login/Page_CURA Healthcare Service/a_Make Appointment' is clicked on

2018-12-18 20:17:46 - [MESSAGE][PASSED] - Object: 'Object Repository/login/Page_CURA Healthcare Service/a_Make Appointment' is clicked on

2018-12-18 20:17:46 - [TEST_STEP][PASSED] - setText(findTestObject("Object Repository/login/Page_CURA Healthcare Service/input_Username_username"), ""): Text '' is set on object 'Object Repository/login/Page_CURA Healthcare Service/input_Username_username'

2018-12-18 20:17:46 - [MESSAGE][PASSED] - Text '' is set on object 'Object Repository/login/Page_CURA Healthcare Service/input_Username_username'

2018-12-18 20:17:46 - [TEST_STEP][PASSED] - rightClick(findTestObject("Object Repository/login/Page_CURA Healthcare Service/input_Demo account_form-contro")): Object: 'Object Repository/login/Page_CURA Healthcare Service/input_Demo account_form-contro' is right clicked on

2018-12-18 20:17:46 - [MESSAGE][PASSED] - Object: 'Object Repository/login/Page_CURA Healthcare Service/input_Demo account_form-contro' is right clicked on

2018-12-18 20:17:46 - [TEST_STEP][PASSED] - setText(findTestObject("Object Repository/login/Page_CURA Healthcare Service/input_Username_username"), ""): Text '' is set on object 'Object Repository/login/Page_CURA Healthcare Service/input_Username_username'

2018-12-18 20:17:46 - [MESSAGE][PASSED] - Text '' is set on object 'Object Repository/login/Page_CURA Healthcare Service/input_Username_username'

2018-12-18 20:17:46 - [TEST_STEP][PASSED] - rightClick(findTestObject("Object Repository/login/Page_CURA Healthcare Service/input_Demo account_form-contro")): Object: 'Object Repository/login/Page_CURA Healthcare Service/input_Demo account_form-contro' is right clicked on

2018-12-18 20:17:46 - [MESSAGE][PASSED] - Object: 'Object Repository/login/Page_CURA Healthcare Service/input_Demo account_form-contro' is right clicked on

2018-12-18 20:17:46 - [TEST_STEP][PASSED] - setText(findTestObject("Object Repository/login/Page_CURA Healthcare Service/input_Username_username"), "John Doe"): Text 'John Doe' is set on object 'Object Repository/login/Page_CURA Healthcare Service/input_Username_username'

2018-12-18 20:17:46 - [MESSAGE][PASSED] - Text 'John Doe' is set on object 'Object Repository/login/Page_CURA Healthcare Service/input_Username_username'

2018-12-18 20:17:46 - [TEST_STEP][PASSED] - setEncryptedText(findTestObject("Object Repository/login/Page_CURA Healthcare Service/input_Password_password"), "g3/DOGG74jC3Flrr3yH+3D/yKbOqqUNM"): Text ****** has been set on object 'Object Repository/login/Page_CURA Healthcare Service/input_Password_password'

2018-12-18 20:17:47 - [MESSAGE][PASSED] - Text ****** has been set on object 'Object Repository/login/Page_CURA Healthcare Service/input_Password_password'

2018-12-18 20:17:47 - [TEST_STEP][PASSED] - click(findTestObject("Object Repository/login/Page_CURA Healthcare Service/button_Login")): Object: 'Object Repository/login/Page_CURA Healthcare Service/button_Login' is clicked on

2018-12-18 20:17:47 - [MESSAGE][PASSED] - Object: 'Object Repository/login/Page_CURA Healthcare Service/button_Login' is clicked on

2018-12-18 20:17:47 - [TEST_STEP][PASSED] - click(findTestObject("Object Repository/login/Page_CURA Healthcare Service/label_Comment")): Object: 'Object Repository/login/Page_CURA Healthcare Service/label_Comment' is clicked on

2018-12-18 20:17:47 - [MESSAGE][PASSED] - Object: 'Object Repository/login/Page_CURA Healthcare Service/label_Comment' is clicked on

2018-12-18 20:17:47 - [TEST_STEP][PASSED] - rightClick(findTestObject("Object Repository/login/Page_CURA Healthcare Service/label_Comment")): Object: 'Object Repository/login/Page_CURA Healthcare Service/label_Comment' is right clicked on

2018-12-18 20:17:47 - [MESSAGE][PASSED] - Object: 'Object Repository/login/Page_CURA Healthcare Service/label_Comment' is right clicked on

2018-12-18 20:17:47 - [TEST_STEP][PASSED] - setText(findTestObject("Object Repository/login/Page_CURA Healthcare Service/input_Visit Date (Required)_vi"), "18/12/2018"): Text '18/12/2018' is set on object 'Object Repository/login/Page_CURA Healthcare Service/input_Visit Date (Required)_vi'

2018-12-18 20:17:48 - [MESSAGE][PASSED] - Text '18/12/2018' is set on object 'Object Repository/login/Page_CURA Healthcare Service/input_Visit Date (Required)_vi'

2018-12-18 20:17:48 - [TEST_STEP][PASSED] - closeBrowser(): Browser is closed

2018-12-18 20:17:48 - [MESSAGE][PASSED] - Browser is closed]]></system-out>
         <system-err><![CDATA[]]></system-err>
      </testcase>
      <testcase name="Test Cases/TC02-MarcarConsulta" classname="Test Cases/TC02-MarcarConsulta" status="PASSED">
         <system-out><![CDATA[2018-12-18 20:17:48 - [TEST_CASE][PASSED] - Test Cases/TC02-MarcarConsulta: Test Cases/TC02-MarcarConsulta

2018-12-18 20:17:49 - [TEST_STEP][PASSED] - openBrowser(""): Browser is opened with url: ''

2018-12-18 20:17:49 - [MESSAGE][INFO] - Starting 'Chrome' driver

2018-12-18 20:17:51 - [MESSAGE][PASSED] - Browser is opened with url: ''

2018-12-18 20:17:51 - [TEST_STEP][PASSED] - navigateToUrl("https://katalon-demo-cura.herokuapp.com/"): Navigate to 'https://katalon-demo-cura.herokuapp.com/' successfully

2018-12-18 20:17:53 - [MESSAGE][PASSED] - Navigate to 'https://katalon-demo-cura.herokuapp.com/' successfully

2018-12-18 20:17:53 - [TEST_STEP][PASSED] - click(findTestObject("Object Repository/MarcarConsulta/Page_CURA Healthcare Service/div_CURA Healthcare Service")): Object: 'Object Repository/MarcarConsulta/Page_CURA Healthcare Service/div_CURA Healthcare Service' is clicked on

2018-12-18 20:17:53 - [MESSAGE][PASSED] - Object: 'Object Repository/MarcarConsulta/Page_CURA Healthcare Service/div_CURA Healthcare Service' is clicked on

2018-12-18 20:17:53 - [TEST_STEP][PASSED] - click(findTestObject("Object Repository/MarcarConsulta/Page_CURA Healthcare Service/a_Make Appointment")): Object: 'Object Repository/MarcarConsulta/Page_CURA Healthcare Service/a_Make Appointment' is clicked on

2018-12-18 20:17:53 - [MESSAGE][PASSED] - Object: 'Object Repository/MarcarConsulta/Page_CURA Healthcare Service/a_Make Appointment' is clicked on

2018-12-18 20:17:53 - [TEST_STEP][PASSED] - setText(findTestObject("Object Repository/MarcarConsulta/Page_CURA Healthcare Service/input_Username_username"), "John Doe"): Text 'John Doe' is set on object 'Object Repository/MarcarConsulta/Page_CURA Healthcare Service/input_Username_username'

2018-12-18 20:17:54 - [MESSAGE][PASSED] - Text 'John Doe' is set on object 'Object Repository/MarcarConsulta/Page_CURA Healthcare Service/input_Username_username'

2018-12-18 20:17:54 - [TEST_STEP][PASSED] - setEncryptedText(findTestObject("Object Repository/MarcarConsulta/Page_CURA Healthcare Service/input_Password_password"), "g3/DOGG74jC3Flrr3yH+3D/yKbOqqUNM"): Text ****** has been set on object 'Object Repository/MarcarConsulta/Page_CURA Healthcare Service/input_Password_password'

2018-12-18 20:17:54 - [MESSAGE][PASSED] - Text ****** has been set on object 'Object Repository/MarcarConsulta/Page_CURA Healthcare Service/input_Password_password'

2018-12-18 20:17:54 - [TEST_STEP][PASSED] - click(findTestObject("Object Repository/MarcarConsulta/Page_CURA Healthcare Service/button_Login")): Object: 'Object Repository/MarcarConsulta/Page_CURA Healthcare Service/button_Login' is clicked on

2018-12-18 20:17:54 - [MESSAGE][PASSED] - Object: 'Object Repository/MarcarConsulta/Page_CURA Healthcare Service/button_Login' is clicked on

2018-12-18 20:17:54 - [TEST_STEP][PASSED] - selectOptionByValue(findTestObject("Object Repository/MarcarConsulta/Page_CURA Healthcare Service/select_Tokyo CURA Healthcare C"), "Hongkong CURA Healthcare Center", true): All options with value 'Hongkong CURA Healthcare Center' are selected in object 'Object Repository/MarcarConsulta/Page_CURA Healthcare Service/select_Tokyo CURA Healthcare C'  using regular expression

2018-12-18 20:17:54 - [MESSAGE][PASSED] - All options with value 'Hongkong CURA Healthcare Center' are selected in object 'Object Repository/MarcarConsulta/Page_CURA Healthcare Service/select_Tokyo CURA Healthcare C'  using regular expression

2018-12-18 20:17:54 - [TEST_STEP][PASSED] - click(findTestObject("Object Repository/MarcarConsulta/Page_CURA Healthcare Service/label_Apply for hospital readm")): Object: 'Object Repository/MarcarConsulta/Page_CURA Healthcare Service/label_Apply for hospital readm' is clicked on

2018-12-18 20:17:54 - [MESSAGE][PASSED] - Object: 'Object Repository/MarcarConsulta/Page_CURA Healthcare Service/label_Apply for hospital readm' is clicked on

2018-12-18 20:17:54 - [TEST_STEP][PASSED] - click(findTestObject("Object Repository/MarcarConsulta/Page_CURA Healthcare Service/div_Visit Date (Required)_inpu")): Object: 'Object Repository/MarcarConsulta/Page_CURA Healthcare Service/div_Visit Date (Required)_inpu' is clicked on

2018-12-18 20:17:55 - [MESSAGE][PASSED] - Object: 'Object Repository/MarcarConsulta/Page_CURA Healthcare Service/div_Visit Date (Required)_inpu' is clicked on

2018-12-18 20:17:55 - [TEST_STEP][PASSED] - click(findTestObject("Object Repository/MarcarConsulta/Page_CURA Healthcare Service/th_")): Object: 'Object Repository/MarcarConsulta/Page_CURA Healthcare Service/th_' is clicked on

2018-12-18 20:17:55 - [MESSAGE][PASSED] - Object: 'Object Repository/MarcarConsulta/Page_CURA Healthcare Service/th_' is clicked on

2018-12-18 20:17:55 - [TEST_STEP][PASSED] - click(findTestObject("Object Repository/MarcarConsulta/Page_CURA Healthcare Service/td_4")): Object: 'Object Repository/MarcarConsulta/Page_CURA Healthcare Service/td_4' is clicked on

2018-12-18 20:17:55 - [MESSAGE][PASSED] - Object: 'Object Repository/MarcarConsulta/Page_CURA Healthcare Service/td_4' is clicked on

2018-12-18 20:17:55 - [TEST_STEP][PASSED] - setText(findTestObject("Object Repository/MarcarConsulta/Page_CURA Healthcare Service/textarea_Comment_comment"), "Consulta"): Text 'Consulta' is set on object 'Object Repository/MarcarConsulta/Page_CURA Healthcare Service/textarea_Comment_comment'

2018-12-18 20:17:55 - [MESSAGE][PASSED] - Text 'Consulta' is set on object 'Object Repository/MarcarConsulta/Page_CURA Healthcare Service/textarea_Comment_comment'

2018-12-18 20:17:55 - [TEST_STEP][PASSED] - click(findTestObject("Object Repository/MarcarConsulta/Page_CURA Healthcare Service/button_Book Appointment")): Object: 'Object Repository/MarcarConsulta/Page_CURA Healthcare Service/button_Book Appointment' is clicked on

2018-12-18 20:17:55 - [MESSAGE][PASSED] - Object: 'Object Repository/MarcarConsulta/Page_CURA Healthcare Service/button_Book Appointment' is clicked on

2018-12-18 20:17:55 - [TEST_STEP][PASSED] - check(findTestObject("Object Repository/MarcarConsulta/Page_CURA Healthcare Service/section_Appointment Confirmati")): Object 'Object Repository/MarcarConsulta/Page_CURA Healthcare Service/section_Appointment Confirmati' is checked

2018-12-18 20:17:55 - [MESSAGE][PASSED] - Object 'Object Repository/MarcarConsulta/Page_CURA Healthcare Service/section_Appointment Confirmati' is checked

2018-12-18 20:17:55 - [TEST_STEP][PASSED] - click(findTestObject("Object Repository/MarcarConsulta/Page_CURA Healthcare Service/a_Go to Homepage")): Object: 'Object Repository/MarcarConsulta/Page_CURA Healthcare Service/a_Go to Homepage' is clicked on

2018-12-18 20:17:56 - [MESSAGE][PASSED] - Object: 'Object Repository/MarcarConsulta/Page_CURA Healthcare Service/a_Go to Homepage' is clicked on

2018-12-18 20:17:56 - [TEST_STEP][PASSED] - closeBrowser(): Browser is closed

2018-12-18 20:17:56 - [MESSAGE][PASSED] - Browser is closed]]></system-out>
         <system-err><![CDATA[]]></system-err>
      </testcase>
      <testcase name="Test Cases/TC03-VerificarConsulta" classname="Test Cases/TC03-VerificarConsulta" status="PASSED">
         <system-out><![CDATA[2018-12-18 20:17:56 - [TEST_CASE][PASSED] - Test Cases/TC03-VerificarConsulta: Test Cases/TC03-VerificarConsulta

2018-12-18 20:17:57 - [TEST_STEP][PASSED] - openBrowser(""): Browser is opened with url: ''

2018-12-18 20:17:57 - [MESSAGE][INFO] - Starting 'Chrome' driver

2018-12-18 20:17:59 - [MESSAGE][PASSED] - Browser is opened with url: ''

2018-12-18 20:17:59 - [TEST_STEP][PASSED] - navigateToUrl("https://katalon-demo-cura.herokuapp.com/"): Navigate to 'https://katalon-demo-cura.herokuapp.com/' successfully

2018-12-18 20:18:01 - [MESSAGE][PASSED] - Navigate to 'https://katalon-demo-cura.herokuapp.com/' successfully

2018-12-18 20:18:01 - [TEST_STEP][PASSED] - click(findTestObject("Object Repository/VerificarConsulta/Page_CURA Healthcare Service/a_Make Appointment")): Object: 'Object Repository/VerificarConsulta/Page_CURA Healthcare Service/a_Make Appointment' is clicked on

2018-12-18 20:18:01 - [MESSAGE][PASSED] - Object: 'Object Repository/VerificarConsulta/Page_CURA Healthcare Service/a_Make Appointment' is clicked on

2018-12-18 20:18:01 - [TEST_STEP][PASSED] - setText(findTestObject("Object Repository/VerificarConsulta/Page_CURA Healthcare Service/input_Username_username"), "John Doe"): Text 'John Doe' is set on object 'Object Repository/VerificarConsulta/Page_CURA Healthcare Service/input_Username_username'

2018-12-18 20:18:01 - [MESSAGE][PASSED] - Text 'John Doe' is set on object 'Object Repository/VerificarConsulta/Page_CURA Healthcare Service/input_Username_username'

2018-12-18 20:18:01 - [TEST_STEP][PASSED] - click(findTestObject("Object Repository/VerificarConsulta/Page_CURA Healthcare Service/form_Demo account")): Object: 'Object Repository/VerificarConsulta/Page_CURA Healthcare Service/form_Demo account' is clicked on

2018-12-18 20:18:01 - [MESSAGE][PASSED] - Object: 'Object Repository/VerificarConsulta/Page_CURA Healthcare Service/form_Demo account' is clicked on

2018-12-18 20:18:01 - [TEST_STEP][PASSED] - setEncryptedText(findTestObject("Object Repository/VerificarConsulta/Page_CURA Healthcare Service/input_Password_password"), "g3/DOGG74jC3Flrr3yH+3D/yKbOqqUNM"): Text ****** has been set on object 'Object Repository/VerificarConsulta/Page_CURA Healthcare Service/input_Password_password'

2018-12-18 20:18:02 - [MESSAGE][PASSED] - Text ****** has been set on object 'Object Repository/VerificarConsulta/Page_CURA Healthcare Service/input_Password_password'

2018-12-18 20:18:02 - [TEST_STEP][PASSED] - click(findTestObject("Object Repository/VerificarConsulta/Page_CURA Healthcare Service/button_Login")): Object: 'Object Repository/VerificarConsulta/Page_CURA Healthcare Service/button_Login' is clicked on

2018-12-18 20:18:02 - [MESSAGE][PASSED] - Object: 'Object Repository/VerificarConsulta/Page_CURA Healthcare Service/button_Login' is clicked on

2018-12-18 20:18:02 - [TEST_STEP][PASSED] - selectOptionByValue(findTestObject("Object Repository/VerificarConsulta/Page_CURA Healthcare Service/select_Tokyo CURA Healthcare C"), "Seoul CURA Healthcare Center", true): All options with value 'Seoul CURA Healthcare Center' are selected in object 'Object Repository/VerificarConsulta/Page_CURA Healthcare Service/select_Tokyo CURA Healthcare C'  using regular expression

2018-12-18 20:18:02 - [MESSAGE][PASSED] - All options with value 'Seoul CURA Healthcare Center' are selected in object 'Object Repository/VerificarConsulta/Page_CURA Healthcare Service/select_Tokyo CURA Healthcare C'  using regular expression

2018-12-18 20:18:02 - [TEST_STEP][PASSED] - click(findTestObject("Object Repository/VerificarConsulta/Page_CURA Healthcare Service/label_Apply for hospital readm")): Object: 'Object Repository/VerificarConsulta/Page_CURA Healthcare Service/label_Apply for hospital readm' is clicked on

2018-12-18 20:18:02 - [MESSAGE][PASSED] - Object: 'Object Repository/VerificarConsulta/Page_CURA Healthcare Service/label_Apply for hospital readm' is clicked on

2018-12-18 20:18:02 - [TEST_STEP][PASSED] - click(findTestObject("Object Repository/VerificarConsulta/Page_CURA Healthcare Service/input_Medicaid_programs")): Object: 'Object Repository/VerificarConsulta/Page_CURA Healthcare Service/input_Medicaid_programs' is clicked on

2018-12-18 20:18:03 - [MESSAGE][PASSED] - Object: 'Object Repository/VerificarConsulta/Page_CURA Healthcare Service/input_Medicaid_programs' is clicked on

2018-12-18 20:18:03 - [TEST_STEP][PASSED] - click(findTestObject("Object Repository/VerificarConsulta/Page_CURA Healthcare Service/div_Visit Date (Required)_inpu")): Object: 'Object Repository/VerificarConsulta/Page_CURA Healthcare Service/div_Visit Date (Required)_inpu' is clicked on

2018-12-18 20:18:03 - [MESSAGE][PASSED] - Object: 'Object Repository/VerificarConsulta/Page_CURA Healthcare Service/div_Visit Date (Required)_inpu' is clicked on

2018-12-18 20:18:03 - [TEST_STEP][PASSED] - click(findTestObject("Object Repository/VerificarConsulta/Page_CURA Healthcare Service/td_28")): Object: 'Object Repository/VerificarConsulta/Page_CURA Healthcare Service/td_28' is clicked on

2018-12-18 20:18:03 - [MESSAGE][PASSED] - Object: 'Object Repository/VerificarConsulta/Page_CURA Healthcare Service/td_28' is clicked on

2018-12-18 20:18:03 - [TEST_STEP][PASSED] - setText(findTestObject("Object Repository/VerificarConsulta/Page_CURA Healthcare Service/textarea_Comment_comment"), "Consulta"): Text 'Consulta' is set on object 'Object Repository/VerificarConsulta/Page_CURA Healthcare Service/textarea_Comment_comment'

2018-12-18 20:18:03 - [MESSAGE][PASSED] - Text 'Consulta' is set on object 'Object Repository/VerificarConsulta/Page_CURA Healthcare Service/textarea_Comment_comment'

2018-12-18 20:18:03 - [TEST_STEP][PASSED] - click(findTestObject("Object Repository/VerificarConsulta/Page_CURA Healthcare Service/button_Book Appointment")): Object: 'Object Repository/VerificarConsulta/Page_CURA Healthcare Service/button_Book Appointment' is clicked on

2018-12-18 20:18:03 - [MESSAGE][PASSED] - Object: 'Object Repository/VerificarConsulta/Page_CURA Healthcare Service/button_Book Appointment' is clicked on

2018-12-18 20:18:03 - [TEST_STEP][PASSED] - check(findTestObject("Object Repository/VerificarConsulta/Page_CURA Healthcare Service/div_Appointment Confirmation")): Object 'Object Repository/VerificarConsulta/Page_CURA Healthcare Service/div_Appointment Confirmation' is checked

2018-12-18 20:18:03 - [MESSAGE][PASSED] - Object 'Object Repository/VerificarConsulta/Page_CURA Healthcare Service/div_Appointment Confirmation' is checked

2018-12-18 20:18:03 - [TEST_STEP][PASSED] - click(findTestObject("Object Repository/VerificarConsulta/Page_CURA Healthcare Service/i_CURA Healthcare_fa fa-bars")): Object: 'Object Repository/VerificarConsulta/Page_CURA Healthcare Service/i_CURA Healthcare_fa fa-bars' is clicked on

2018-12-18 20:18:04 - [MESSAGE][PASSED] - Object: 'Object Repository/VerificarConsulta/Page_CURA Healthcare Service/i_CURA Healthcare_fa fa-bars' is clicked on

2018-12-18 20:18:04 - [TEST_STEP][PASSED] - click(findTestObject("Object Repository/VerificarConsulta/Page_CURA Healthcare Service/a_History")): Object: 'Object Repository/VerificarConsulta/Page_CURA Healthcare Service/a_History' is clicked on

2018-12-18 20:18:04 - [MESSAGE][PASSED] - Object: 'Object Repository/VerificarConsulta/Page_CURA Healthcare Service/a_History' is clicked on

2018-12-18 20:18:04 - [TEST_STEP][PASSED] - check(findTestObject("Object Repository/VerificarConsulta/Page_CURA Healthcare Service/div_28122018")): Object 'Object Repository/VerificarConsulta/Page_CURA Healthcare Service/div_28122018' is checked

2018-12-18 20:18:04 - [MESSAGE][PASSED] - Object 'Object Repository/VerificarConsulta/Page_CURA Healthcare Service/div_28122018' is checked

2018-12-18 20:18:04 - [TEST_STEP][PASSED] - click(findTestObject("Object Repository/VerificarConsulta/Page_CURA Healthcare Service/a_Go to Homepage")): Object: 'Object Repository/VerificarConsulta/Page_CURA Healthcare Service/a_Go to Homepage' is clicked on

2018-12-18 20:18:04 - [MESSAGE][PASSED] - Object: 'Object Repository/VerificarConsulta/Page_CURA Healthcare Service/a_Go to Homepage' is clicked on]]></system-out>
         <system-err><![CDATA[]]></system-err>
      </testcase>
      <system-out><![CDATA[2018-12-18 20:17:39 - [TEST_SUITE][PASSED] - TS01-CuraKatalon: Test Cases/TC03-VerificarConsulta]]></system-out>
      <system-err><![CDATA[]]></system-err>
   </testsuite>
</testsuites>
